0 info it worked if it ends with ok
1 verbose cli [ '/usr/bin/nodejs', '/usr/bin/npm', 'install', 'flow-bin', '-g' ]
2 info using npm@3.5.2
3 info using node@v4.2.6
4 silly loadCurrentTree Starting
5 silly install loadCurrentTree
6 silly install readGlobalPackageData
7 silly fetchPackageMetaData flow-bin
8 silly fetchNamedPackageData flow-bin
9 silly mapToRegistry name flow-bin
10 silly mapToRegistry using default registry
11 silly mapToRegistry registry https://registry.npmjs.org/
12 silly mapToRegistry uri https://registry.npmjs.org/flow-bin
13 verbose request uri https://registry.npmjs.org/flow-bin
14 verbose request no auth needed
15 info attempt registry request try #1 at 14:21:46
16 verbose request id 918e06ac378419d7
17 http request GET https://registry.npmjs.org/flow-bin
18 http 200 https://registry.npmjs.org/flow-bin
19 verbose headers { 'content-type': 'application/json; charset=UTF-8',
19 verbose headers   server: 'UploadServer',
19 verbose headers   'cache-control': 'max-age=300',
19 verbose headers   'last-modified': 'Fri, 8 Dec 2017 22:01:57 GMT',
19 verbose headers   etag: '"5a2b0bd5-21a94"',
19 verbose headers   'content-encoding': 'gzip',
19 verbose headers   'content-length': '12891',
19 verbose headers   'accept-ranges': 'bytes',
19 verbose headers   date: 'Thu, 14 Dec 2017 05:21:48 GMT',
19 verbose headers   via: '1.1 varnish',
19 verbose headers   age: '7955',
19 verbose headers   connection: 'keep-alive',
19 verbose headers   'x-served-by': 'cache-nrt6130-NRT',
19 verbose headers   'x-cache': 'HIT',
19 verbose headers   'x-cache-hits': '2',
19 verbose headers   'x-timer': 'S1513228909.636147,VS0,VE0',
19 verbose headers   vary: 'Accept-Encoding, Accept' }
20 silly get cb [ 200,
20 silly get   { 'content-type': 'application/json; charset=UTF-8',
20 silly get     server: 'UploadServer',
20 silly get     'cache-control': 'max-age=300',
20 silly get     'last-modified': 'Fri, 8 Dec 2017 22:01:57 GMT',
20 silly get     etag: '"5a2b0bd5-21a94"',
20 silly get     'content-encoding': 'gzip',
20 silly get     'content-length': '12891',
20 silly get     'accept-ranges': 'bytes',
20 silly get     date: 'Thu, 14 Dec 2017 05:21:48 GMT',
20 silly get     via: '1.1 varnish',
20 silly get     age: '7955',
20 silly get     connection: 'keep-alive',
20 silly get     'x-served-by': 'cache-nrt6130-NRT',
20 silly get     'x-cache': 'HIT',
20 silly get     'x-cache-hits': '2',
20 silly get     'x-timer': 'S1513228909.636147,VS0,VE0',
20 silly get     vary: 'Accept-Encoding, Accept' } ]
21 verbose get saving flow-bin to /mnt/c/Users/yam/WSL/.npm/registry.npmjs.org/flow-bin/.cache.json
22 silly install normalizeTree
23 silly loadCurrentTree Finishing
24 silly loadIdealTree Starting
25 silly install loadIdealTree
26 silly cloneCurrentTree Starting
27 silly install cloneCurrentTreeToIdealTree
28 silly cloneCurrentTree Finishing
29 silly loadShrinkwrap Starting
30 silly install loadShrinkwrap
31 silly loadShrinkwrap Finishing
32 silly loadAllDepsIntoIdealTree Starting
33 silly install loadAllDepsIntoIdealTree
34 silly resolveWithNewModule flow-bin@0.61.0 checking installable status
35 silly cache add args [ 'flow-bin', null ]
36 verbose cache add spec flow-bin
37 silly cache add parsed spec Result {
37 silly cache add   raw: 'flow-bin',
37 silly cache add   scope: null,
37 silly cache add   name: 'flow-bin',
37 silly cache add   rawSpec: '',
37 silly cache add   spec: 'latest',
37 silly cache add   type: 'tag' }
38 silly addNamed flow-bin@latest
39 verbose addNamed "latest" is being treated as a dist-tag for flow-bin
40 info addNameTag [ 'flow-bin', 'latest' ]
41 silly mapToRegistry name flow-bin
42 silly mapToRegistry using default registry
43 silly mapToRegistry registry https://registry.npmjs.org/
44 silly mapToRegistry uri https://registry.npmjs.org/flow-bin
45 verbose addNameTag registry:https://registry.npmjs.org/flow-bin not in flight; fetching
46 verbose get https://registry.npmjs.org/flow-bin not expired, no request
47 silly addNameTag next cb for flow-bin with tag latest
48 silly addNamed flow-bin@0.61.0
49 verbose addNamed "0.61.0" is a plain semver version for flow-bin
50 silly mapToRegistry name flow-bin
51 silly mapToRegistry using default registry
52 silly mapToRegistry registry https://registry.npmjs.org/
53 silly mapToRegistry uri https://registry.npmjs.org/flow-bin
54 verbose addRemoteTarball https://registry.npmjs.org/flow-bin/-/flow-bin-0.61.0.tgz not in flight; adding
55 verbose addRemoteTarball [ 'https://registry.npmjs.org/flow-bin/-/flow-bin-0.61.0.tgz',
55 verbose addRemoteTarball   'd0473a8c35dbbf4de573823f4932124397d32d35' ]
56 info retry fetch attempt 1 at 14:21:56
57 info attempt registry request try #1 at 14:21:56
58 http fetch GET https://registry.npmjs.org/flow-bin/-/flow-bin-0.61.0.tgz
59 http fetch 200 https://registry.npmjs.org/flow-bin/-/flow-bin-0.61.0.tgz
60 silly fetchAndShaCheck shasum d0473a8c35dbbf4de573823f4932124397d32d35
61 verbose addTmpTarball /tmp/npm-1386-9a59dcd6/registry.npmjs.org/flow-bin/-/flow-bin-0.61.0.tgz not in flight; adding
62 verbose addTmpTarball already have metadata; skipping unpack for flow-bin@0.61.0
63 silly cache afterAdd flow-bin@0.61.0
64 verbose afterAdd /mnt/c/Users/yam/WSL/.npm/flow-bin/0.61.0/package/package.json not in flight; writing
65 verbose afterAdd /mnt/c/Users/yam/WSL/.npm/flow-bin/0.61.0/package/package.json written
66 silly loadAllDepsIntoIdealTree Finishing
67 silly idealTree:prePrune lib
67 silly idealTree:prePrune └── flow-bin@0.61.0
68 silly loadIdealTree Finishing
69 silly currentTree lib
70 silly idealTree lib
70 silly idealTree └── flow-bin@0.61.0
71 silly generateActionsToTake Starting
72 silly install generateActionsToTake
73 warn checkPermissions Missing write access to /usr/local/lib/node_modules
74 silly rollbackFailedOptional Starting
75 silly rollbackFailedOptional Finishing
76 silly runTopLevelLifecycles Starting
77 silly runTopLevelLifecycles Finishing
78 silly install printInstalled
79 verbose stack Error: EACCES: permission denied, access '/usr/local/lib/node_modules'
79 verbose stack     at Error (native)
80 verbose cwd /mnt/c/Users/yam/WSL/testapp
81 error Linux 4.4.0-43-Microsoft
82 error argv "/usr/bin/nodejs" "/usr/bin/npm" "install" "flow-bin" "-g"
83 error node v4.2.6
84 error npm  v3.5.2
85 error path /usr/local/lib/node_modules
86 error code EACCES
87 error errno -13
88 error syscall access
89 error Error: EACCES: permission denied, access '/usr/local/lib/node_modules'
89 error     at Error (native)
89 error  { [Error: EACCES: permission denied, access '/usr/local/lib/node_modules']
89 error   errno: -13,
89 error   code: 'EACCES',
89 error   syscall: 'access',
89 error   path: '/usr/local/lib/node_modules' }
90 error Please try running this command again as root/Administrator.
91 verbose exit [ -13, true ]
